<?xml version="1.0" encoding="UTF-8"?>
<testsuite xmlns:xsi="http://www.w3.org/2001/XMLSchema-instance" xsi:noNamespaceSchemaLocation="https://maven.apache.org/surefire/maven-surefire-plugin/xsd/surefire-test-report.xsd" version="3.0.2" name="pl.piomin.sample.spring.graphql.DepartmentControllerTests" time="9.553" tests="3" errors="0" skipped="0" failures="0" flakes="0">
  <properties>
[...]
</properties>
  <testcase name="findAll" classname="pl.piomin.sample.spring.graphql.DepartmentControllerTests" time="1.026">
    <system-out><![CDATA[21:35:33.158 [main] INFO org.springframework.test.context.support.AnnotationConfigContextLoaderUtils -- Could not detect default configuration classes for test class [pl.piomin.sample.spring.graphql.DepartmentControllerTests]: DepartmentControllerTests does not declare any static, non-private, non-final, nested classes annotated with @Configuration.
21:35:33.366 [main] INFO org.springframework.boot.test.context.SpringBootTestContextBootstrapper -- Found @SpringBootConfiguration pl.piomin.sample.spring.graphql.SampleSpringBootGraphQL for test class pl.piomin.sample.spring.graphql.DepartmentControllerTests
21:35:33.568 [main] INFO org.springframework.test.context.support.AnnotationConfigContextLoaderUtils -- Could not detect default configuration classes for test class [pl.piomin.sample.spring.graphql.DepartmentControllerTests]: DepartmentControllerTests does not declare any static, non-private, non-final, nested classes annotated with @Configuration.
21:35:33.570 [main] INFO org.springframework.boot.test.context.SpringBootTestContextBootstrapper -- Found @SpringBootConfiguration pl.piomin.sample.spring.graphql.SampleSpringBootGraphQL for test class pl.piomin.sample.spring.graphql.DepartmentControllerTests

  .   ____          _            __ _ _
 /\\ / ___'_ __ _ _(_)_ __  __ _ \ \ \ \
( ( )\___ | '_ | '_| | '_ \/ _` | \ \ \ \
 \\/  ___)| |_)| | | | | || (_| |  ) ) ) )
  '  |____| .__|_| |_|_| |_\__, | / / / /
 =========|_|==============|___/=/_/_/_/

 :: Spring Boot ::                (v4.1.1)

2026-09-25T21:35:34.275Z  INFO 6074 --- [sample-app-spring-graphql] [           main] p.p.s.s.g.DepartmentControllerTests      : Starting DepartmentControllerTests using Java 17.0.20.1 with PID 6074 (started by runner in /home/runner/work/sample-spring-boot-graphql/sample-spring-boot-graphql/sample-app-spring-graphql)
2026-09-25T21:35:34.277Z  INFO 6074 --- [sample-app-spring-graphql] [           main] p.p.s.s.g.DepartmentControllerTests      : No active profile set, falling back to 1 default profile: "default"
2026-09-25T21:35:35.301Z  INFO 6074 --- [sample-app-spring-graphql] [           main] .s.d.r.c.RepositoryConfigurationDelegate : Bootstrapping Spring Data JPA repositories in DEFAULT mode.
2026-09-25T21:35:35.547Z  INFO 6074 --- [sample-app-spring-graphql] [           main] .s.d.r.c.RepositoryConfigurationDelegate : Finished Spring Data repository scanning in 231 ms. Found 3 JPA repository interfaces.
2026-09-25T21:35:36.240Z  INFO 6074 --- [sample-app-spring-graphql] [           main] org.hibernate.orm.jpa                    : HHH008540: Processing PersistenceUnitInfo [name: default]
2026-09-25T21:35:36.344Z  INFO 6074 --- [sample-app-spring-graphql] [           main] org.hibernate.orm.core                   : HHH000001: Hibernate ORM core version 7.4.5.Final
2026-09-25T21:35:37.064Z  INFO 6074 --- [sample-app-spring-graphql] [           main] o.s.o.j.p.SpringPersistenceUnitInfo      : No LoadTimeWeaver setup: ignoring JPA class transformer
2026-09-25T21:35:37.128Z  INFO 6074 --- [sample-app-spring-graphql] [           main] com.zaxxer.hikari.HikariDataSource       : HikariPool-1 - Starting...
2026-09-25T21:35:37.572Z  INFO 6074 --- [sample-app-spring-graphql] [           main] com.zaxxer.hikari.pool.HikariPool        : HikariPool-1 - Added connection conn0: url=jdbc:h2:mem:testdb user=SA
2026-09-25T21:35:37.575Z  INFO 6074 --- [sample-app-spring-graphql] [           main] com.zaxxer.hikari.HikariDataSource       : HikariPool-1 - Start completed.
2026-09-25T21:35:37.623Z  WARN 6074 --- [sample-app-spring-graphql] [           main] org.hibernate.orm.deprecation            : HHH90000025: H2Dialect does not need to be specified explicitly using 'hibernate.dialect' (remove the property setting and it will be selected by default)
2026-09-25T21:35:37.667Z  INFO 6074 --- [sample-app-spring-graphql] [           main] org.hibernate.orm.connections.pooling    : HHH10001005: Database info:
	Database JDBC URL [jdbc:h2:mem:testdb]
	Database driver: H2 JDBC Driver
	Database dialect: H2Dialect
	Database version: 2.4.240
	Default catalog/schema: TESTDB/PUBLIC
	Autocommit mode: undefined/unknown
	Isolation level: READ_COMMITTED [default READ_COMMITTED]
	JDBC fetch size: 100
	Pool: DataSourceConnectionProvider
	Minimum pool size: undefined/unknown
	Maximum pool size: undefined/unknown
2026-09-25T21:35:39.246Z  INFO 6074 --- [sample-app-spring-graphql] [           main] org.hibernate.orm.core                   : HHH000489: No JTA platform available (set 'hibernate.transaction.jta.platform' to enable JTA platform integration)
Hibernate: 
    drop table if exists department cascade 
Hibernate: 
    drop table if exists employee cascade 
Hibernate: 
    drop table if exists organization cascade 
Hibernate: 
    create table department (
        id integer generated by default as identity,
        organization_id integer,
        name varchar(255),
        primary key (id)
    )
Hibernate: 
    create table employee (
        age integer,
        department_id integer,
        id integer generated by default as identity,
        organization_id integer,
        salary integer,
        first_name varchar(255),
        last_name varchar(255),
        position varchar(255),
        primary key (id)
    )
Hibernate: 
    create table organization (
        id integer generated by default as identity,
        name varchar(255),
        primary key (id)
    )
Hibernate: 
    alter table if exists department 
       add constraint FKgt2jmae86v2aik1nklhdc2dnx 
       foreign key (organization_id) 
       references organization
Hibernate: 
    alter table if exists employee 
       add constraint FKbejtwvg9bxus2mffsm3swj3u9 
       foreign key (department_id) 
       references department
Hibernate: 
    alter table if exists employee 
       add constraint FK2rna2w2imtuuk9f2et8yllawk 
       foreign key (organization_id) 
       references organization
Hibernate: insert into organization (name) values ('Test1')
Hibernate: insert into organization (name) values ('Test2')
Hibernate: insert into organization (name) values ('Test3')
Hibernate: insert into organization (name) values ('Test4')
Hibernate: insert into organization (name) values ('Test5')
Hibernate: insert into department (name, organization_id) values ('Test1', 1)
Hibernate: insert into department (name, organization_id) values ('Test2', 1)
Hibernate: insert into department (name, organization_id) values ('Test3', 1)
Hibernate: insert into department (name, organization_id) values ('Test4', 2)
Hibernate: insert into department (name, organization_id) values ('Test5', 2)
Hibernate: insert into department (name, organization_id) values ('Test6', 3)
Hibernate: insert into department (name, organization_id) values ('Test7', 4)
Hibernate: insert into department (name, organization_id) values ('Test8', 5)
Hibernate: insert into department (name, organization_id) values ('Test9', 5)
Hibernate: insert into employee (first_name, last_name, position, salary, age, department_id, organization_id) values ('John', 'Smith', 'Developer', 10000, 30, 1, 1)
Hibernate: insert into employee (first_name, last_name, position, salary, age, department_id, organization_id) values ('Adam', 'Hamilton', 'Developer', 12000, 35, 1, 1)
Hibernate: insert into employee (first_name, last_name, position, salary, age, department_id, organization_id) values ('Tracy', 'Smith', 'Architect', 15000, 40, 1, 1)
Hibernate: insert into employee (first_name, last_name, position, salary, age, department_id, organization_id) values ('Lucy', 'Kim', 'Developer', 13000, 25, 2, 1)
Hibernate: insert into employee (first_name, last_name, position, salary, age, department_id, organization_id) values ('Peter', 'Wright', 'Director', 50000, 50, 4, 2)
Hibernate: insert into employee (first_name, last_name, position, salary, age, department_id, organization_id) values ('Alan', 'Murray', 'Developer', 20000, 37, 4, 2)
Hibernate: insert into employee (first_name, last_name, position, salary, age, department_id, organization_id) values ('Pamela', 'Anderson', 'Analyst', 7000, 27, 4, 2)
2026-09-25T21:35:39.373Z  INFO 6074 --- [sample-app-spring-graphql] [           main] j.LocalContainerEntityManagerFactoryBean : Initialized JPA EntityManagerFactory for persistence unit 'default'
2026-09-25T21:35:39.495Z  INFO 6074 --- [sample-app-spring-graphql] [           main] o.s.d.j.r.query.QueryEnhancerFactories   : Hibernate is in classpath; If applicable, HQL parser will be used.
2026-09-25T21:35:39.739Z  WARN 6074 --- [sample-app-spring-graphql] [           main] JpaBaseConfiguration$JpaWebConfiguration : spring.jpa.open-in-view is enabled by default. Therefore, database queries may be performed during view rendering. Explicitly configure spring.jpa.open-in-view to disable this warning
2026-09-25T21:35:40.446Z  INFO 6074 --- [sample-app-spring-graphql] [           main] efaultSchemaResourceGraphQlSourceBuilder : Loaded 3 resource(s) in the GraphQL schema.
2026-09-25T21:35:40.712Z  INFO 6074 --- [sample-app-spring-graphql] [           main] o.s.b.g.a.GraphQlAutoConfiguration       : GraphQL schema inspection:
	Unmapped fields: {}
	Unmapped registrations: {}
	Unmapped arguments: {}
	Field nullness errors: {}
	Argument nullness errors: {}
	Skipped types: []
2026-09-25T21:35:40.741Z  INFO 6074 --- [sample-app-spring-graphql] [           main] s.b.g.a.s.GraphQlWebMvcAutoConfiguration : GraphQL endpoint HTTP POST /graphql
2026-09-25T21:35:41.106Z  INFO 6074 --- [sample-app-spring-graphql] [           main] p.p.s.s.g.DepartmentControllerTests      : Started DepartmentControllerTests in 7.406 seconds (process running for 9.507)
Hibernate: 
    select
        d1_0.id,
        d1_0.name,
        d1_0.organization_id 
    from
        department d1_0
]]></system-out>
  </testcase>
  <testcase name="findById" classname="pl.piomin.sample.spring.graphql.DepartmentControllerTests" time="0.073">
    <system-out><![CDATA[Hibernate: 
    select
        d1_0.id,
        d1_0.name,
        o1_0.id,
        o1_0.name 
    from
        department d1_0 
    left join
        organization o1_0 
            on o1_0.id=d1_0.organization_id 
    where
        d1_0.id=? 
    fetch
        first ? rows only
]]></system-out>
  </testcase>
  <testcase name="addDepartment" classname="pl.piomin.sample.spring.graphql.DepartmentControllerTests" time="0.08">
    <system-out><![CDATA[Hibernate: 
    select
        o1_0.id,
        o1_0.name 
    from
        organization o1_0 
    where
        o1_0.id=?
Hibernate: 
    insert 
    into
        department
        (name, organization_id, id) 
    values
        (?, ?, default)
]]></system-out>
  </testcase>
</testsuite>