<?xml version="1.0" encoding="UTF-8"?>
<testsuite xmlns:xsi="http://www.w3.org/2001/XMLSchema-instance" xsi:noNamespaceSchemaLocation="https://maven.apache.org/surefire/maven-surefire-plugin/xsd/surefire-test-report.xsd" version="3.0.2" name="pl.piomin.sample.spring.graphql.OrganizationControllerTests" time="0.102" tests="3" errors="0" skipped="0" failures="0" flakes="0">
  <properties>
[...]
</properties>
  <testcase name="addOrganization" classname="pl.piomin.sample.spring.graphql.OrganizationControllerTests" time="0.019">
    <system-out><![CDATA[2026-09-25T21:35:42.326Z  INFO 6074 --- [sample-app-spring-graphql] [           main] t.c.s.AnnotationConfigContextLoaderUtils : Could not detect default configuration classes for test class [pl.piomin.sample.spring.graphql.OrganizationControllerTests]: OrganizationControllerTests does not declare any static, non-private, non-final, nested classes annotated with @Configuration.
2026-09-25T21:35:42.331Z  INFO 6074 --- [sample-app-spring-graphql] [           main] .b.t.c.SpringBootTestContextBootstrapper : Found @SpringBootConfiguration pl.piomin.sample.spring.graphql.SampleSpringBootGraphQL for test class pl.piomin.sample.spring.graphql.OrganizationControllerTests
2026-09-25T21:35:42.332Z  INFO 6074 --- [sample-app-spring-graphql] [           main] t.c.s.AnnotationConfigContextLoaderUtils : Could not detect default configuration classes for test class [pl.piomin.sample.spring.graphql.OrganizationControllerTests]: OrganizationControllerTests does not declare any static, non-private, non-final, nested classes annotated with @Configuration.
2026-09-25T21:35:42.333Z  INFO 6074 --- [sample-app-spring-graphql] [           main] .b.t.c.SpringBootTestContextBootstrapper : Found @SpringBootConfiguration pl.piomin.sample.spring.graphql.SampleSpringBootGraphQL for test class pl.piomin.sample.spring.graphql.OrganizationControllerTests
Hibernate: 
    insert 
    into
        organization
        (name, id) 
    values
        (?, default)
]]></system-out>
  </testcase>
  <testcase name="findAll" classname="pl.piomin.sample.spring.graphql.OrganizationControllerTests" time="0.023">
    <system-out><![CDATA[Hibernate: 
    select
        o1_0.id,
        o1_0.name 
    from
        organization o1_0
]]></system-out>
  </testcase>
  <testcase name="findById" classname="pl.piomin.sample.spring.graphql.OrganizationControllerTests" time="0.041">
    <system-out><![CDATA[Hibernate: 
    select
        o1_0.id,
        d1_0.organization_id,
        d1_0.id,
        d1_0.name,
        o1_0.name 
    from
        (select
            o1_0.id,
            o1_0.name 
        from
            organization o1_0 
        where
            o1_0.id=? 
        offset
            ? rows 
        fetch
            first ? rows only) o1_0(id, name) 
    left join
        department d1_0 
            on o1_0.id=d1_0.organization_id
]]></system-out>
  </testcase>
</testsuite>