<?xml version="1.0" encoding="UTF-8"?>
<testsuite xmlns:xsi="http://www.w3.org/2001/XMLSchema-instance" xsi:noNamespaceSchemaLocation="https://maven.apache.org/surefire/maven-surefire-plugin/xsd/surefire-test-report.xsd" version="3.0.2" name="pl.piomin.samples.spring.graphql.DepartmentQueryResolverTests" time="9.382" tests="2" errors="0" skipped="0" failures="0" flakes="0">
  <properties>
[...]
</properties>
  <testcase name="departmentById" classname="pl.piomin.samples.spring.graphql.DepartmentQueryResolverTests" time="1.043">
    <system-out><![CDATA[21:35:21.553 [main] INFO org.springframework.test.context.support.AnnotationConfigContextLoaderUtils -- Could not detect default configuration classes for test class [pl.piomin.samples.spring.graphql.DepartmentQueryResolverTests]: DepartmentQueryResolverTests does not declare any static, non-private, non-final, nested classes annotated with @Configuration.
21:35:21.772 [main] INFO org.springframework.boot.test.context.SpringBootTestContextBootstrapper -- Found @SpringBootConfiguration pl.piomin.samples.spring.graphql.SampleSpringBootGraphQLKickstartApp for test class pl.piomin.samples.spring.graphql.DepartmentQueryResolverTests
21:35:21.986 [main] INFO org.springframework.test.context.support.AnnotationConfigContextLoaderUtils -- Could not detect default configuration classes for test class [pl.piomin.samples.spring.graphql.DepartmentQueryResolverTests]: DepartmentQueryResolverTests does not declare any static, non-private, non-final, nested classes annotated with @Configuration.
21:35:21.989 [main] INFO org.springframework.boot.test.context.SpringBootTestContextBootstrapper -- Found @SpringBootConfiguration pl.piomin.samples.spring.graphql.SampleSpringBootGraphQLKickstartApp for test class pl.piomin.samples.spring.graphql.DepartmentQueryResolverTests

  .   ____          _            __ _ _
 /\\ / ___'_ __ _ _(_)_ __  __ _ \ \ \ \
( ( )\___ | '_ | '_| | '_ \/ _` | \ \ \ \
 \\/  ___)| |_)| | | | | || (_| |  ) ) ) )
  '  |____| .__|_| |_|_| |_\__, | / / / /
 =========|_|==============|___/=/_/_/_/

 :: Spring Boot ::                (v4.1.1)

2026-09-25T21:35:22.708Z  INFO 6000 --- [sample-spring-boot-graphql] [           main] p.p.s.s.g.DepartmentQueryResolverTests   : Starting DepartmentQueryResolverTests using Java 17.0.20.1 with PID 6000 (started by runner in /home/runner/work/sample-spring-boot-graphql/sample-spring-boot-graphql/sample-app-kickstart)
2026-09-25T21:35:22.710Z  INFO 6000 --- [sample-spring-boot-graphql] [           main] p.p.s.s.g.DepartmentQueryResolverTests   : No active profile set, falling back to 1 default profile: "default"
2026-09-25T21:35:23.770Z  INFO 6000 --- [sample-spring-boot-graphql] [           main] .s.d.r.c.RepositoryConfigurationDelegate : Bootstrapping Spring Data JPA repositories in DEFAULT mode.
2026-09-25T21:35:24.010Z  INFO 6000 --- [sample-spring-boot-graphql] [           main] .s.d.r.c.RepositoryConfigurationDelegate : Finished Spring Data repository scanning in 226 ms. Found 3 JPA repository interfaces.
2026-09-25T21:35:24.681Z  INFO 6000 --- [sample-spring-boot-graphql] [           main] org.hibernate.orm.jpa                    : HHH008540: Processing PersistenceUnitInfo [name: default]
2026-09-25T21:35:24.776Z  INFO 6000 --- [sample-spring-boot-graphql] [           main] org.hibernate.orm.core                   : HHH000001: Hibernate ORM core version 7.4.5.Final
2026-09-25T21:35:25.494Z  INFO 6000 --- [sample-spring-boot-graphql] [           main] o.s.o.j.p.SpringPersistenceUnitInfo      : No LoadTimeWeaver setup: ignoring JPA class transformer
2026-09-25T21:35:25.567Z  INFO 6000 --- [sample-spring-boot-graphql] [           main] com.zaxxer.hikari.HikariDataSource       : HikariPool-1 - Starting...
2026-09-25T21:35:25.970Z  INFO 6000 --- [sample-spring-boot-graphql] [           main] com.zaxxer.hikari.pool.HikariPool        : HikariPool-1 - Added connection conn0: url=jdbc:h2:mem:testdb user=SA
2026-09-25T21:35:25.973Z  INFO 6000 --- [sample-spring-boot-graphql] [           main] com.zaxxer.hikari.HikariDataSource       : HikariPool-1 - Start completed.
2026-09-25T21:35:26.014Z  WARN 6000 --- [sample-spring-boot-graphql] [           main] org.hibernate.orm.deprecation            : HHH90000025: H2Dialect does not need to be specified explicitly using 'hibernate.dialect' (remove the property setting and it will be selected by default)
2026-09-25T21:35:26.055Z  INFO 6000 --- [sample-spring-boot-graphql] [           main] org.hibernate.orm.connections.pooling    : HHH10001005: Database info:
	Database JDBC URL [jdbc:h2:mem:testdb]
	Database driver: H2 JDBC Driver
	Database dialect: H2Dialect
	Database version: 2.4.240
	Default catalog/schema: TESTDB/PUBLIC
	Autocommit mode: undefined/unknown
	Isolation level: READ_COMMITTED [default READ_COMMITTED]
	JDBC fetch size: 100
	Pool: DataSourceConnectionProvider
	Minimum pool size: undefined/unknown
	Maximum pool size: undefined/unknown
2026-09-25T21:35:27.667Z  INFO 6000 --- [sample-spring-boot-graphql] [           main] org.hibernate.orm.core                   : HHH000489: No JTA platform available (set 'hibernate.transaction.jta.platform' to enable JTA platform integration)
Hibernate: 
    drop table if exists department cascade 
Hibernate: 
    drop table if exists employee cascade 
Hibernate: 
    drop table if exists organization cascade 
Hibernate: 
    create table department (
        id integer generated by default as identity,
        organization_id integer,
        name varchar(255),
        primary key (id)
    )
Hibernate: 
    create table employee (
        age integer,
        department_id integer,
        id integer generated by default as identity,
        organization_id integer,
        salary integer,
        first_name varchar(255),
        last_name varchar(255),
        position varchar(255),
        primary key (id)
    )
Hibernate: 
    create table organization (
        id integer generated by default as identity,
        name varchar(255),
        primary key (id)
    )
Hibernate: 
    alter table if exists department 
       add constraint FKgt2jmae86v2aik1nklhdc2dnx 
       foreign key (organization_id) 
       references organization
Hibernate: 
    alter table if exists employee 
       add constraint FKbejtwvg9bxus2mffsm3swj3u9 
       foreign key (department_id) 
       references department
Hibernate: 
    alter table if exists employee 
       add constraint FK2rna2w2imtuuk9f2et8yllawk 
       foreign key (organization_id) 
       references organization
2026-09-25T21:35:27.768Z  INFO 6000 --- [sample-spring-boot-graphql] [           main] j.LocalContainerEntityManagerFactoryBean : Initialized JPA EntityManagerFactory for persistence unit 'default'
2026-09-25T21:35:27.882Z  INFO 6000 --- [sample-spring-boot-graphql] [           main] o.s.d.j.r.query.QueryEnhancerFactories   : Hibernate is in classpath; If applicable, HQL parser will be used.
2026-09-25T21:35:28.121Z  WARN 6000 --- [sample-spring-boot-graphql] [           main] JpaBaseConfiguration$JpaWebConfiguration : spring.jpa.open-in-view is enabled by default. Therefore, database queries may be performed during view rendering. Explicitly configure spring.jpa.open-in-view to disable this warning
2026-09-25T21:35:28.871Z  INFO 6000 --- [sample-spring-boot-graphql] [           main] efaultSchemaResourceGraphQlSourceBuilder : Loaded 3 resource(s) in the GraphQL schema.
2026-09-25T21:35:29.120Z  INFO 6000 --- [sample-spring-boot-graphql] [           main] o.s.b.g.a.GraphQlAutoConfiguration       : GraphQL schema inspection:
	Unmapped fields: {}
	Unmapped registrations: {}
	Unmapped arguments: {}
	Field nullness errors: {}
	Argument nullness errors: {}
	Skipped types: []
2026-09-25T21:35:29.155Z  INFO 6000 --- [sample-spring-boot-graphql] [           main] s.b.g.a.s.GraphQlWebMvcAutoConfiguration : GraphQL endpoint HTTP POST /graphql
2026-09-25T21:35:29.433Z  INFO 6000 --- [sample-spring-boot-graphql] [           main] p.p.s.s.g.DepartmentQueryResolverTests   : Started DepartmentQueryResolverTests in 7.319 seconds (process running for 9.459)
Hibernate: 
    select
        d1_0.id,
        d1_0.name,
        d1_0.organization_id 
    from
        department d1_0 
    where
        d1_0.id=? 
    fetch
        first ? rows only
]]></system-out>
  </testcase>
  <testcase name="departments" classname="pl.piomin.samples.spring.graphql.DepartmentQueryResolverTests" time="0.036">
    <system-out><![CDATA[Hibernate: 
    select
        d1_0.id,
        d1_0.name,
        d1_0.organization_id 
    from
        department d1_0
]]></system-out>
  </testcase>
</testsuite>